1

                                             * * * * * * * * *  L H S  * * * * * * * * *

                                             LATIN HYPERCUBE AND RANDOM SAMPLING PROGRAM

                                             * * * * * * * * * * * * * * * * * * * * * *


    Run on  7/25/22 at 19: 6:50.04 with LHS Version: 2.30 Release 1, Compiled May 31, 2001        


0    Pecos::LHSDriver

    Random Seed =         331

    Number of Variables =   8

    Number of Observations =  400
0   The sample was written to the file: LHS_samples.out
0   Input was read from the file: 
0   The sample input vectors will be printed along with their corresponding ranks.
0   Histograms of the actual sample will be plotted for each input variable.
0   The correlation matrices (raw data and rank correlations) will be printed.
1

    Pecos::LHSDriver                                                                                                             

    VARIABLE  DISTRIBUTION          RANGE            LABEL
0       1     NORMAL WITH THE PARAMETERS BELOW                                                       
                           MU =  0.707                   SIGMA =  6.660E-02
0       2     NORMAL WITH THE PARAMETERS BELOW                                                       
                           MU =  3.000E-09               SIGMA =  6.660E-10
0       3     LOGNORMAL-N WITH THE PARAMETERS BELOW                                                       
                           MU =  -40.8                   SIGMA =  0.770    
0       4     LOGNORMAL-N WITH THE PARAMETERS BELOW                                                       
                           MU =   10.3                   SIGMA =  0.770    
0       5     LOGNORMAL-N WITH THE PARAMETERS BELOW                                                       
                           MU =  -21.2                   SIGMA =  0.770    
0       6     LOGNORMAL-N WITH THE PARAMETERS BELOW                                                       
                           MU =  -69.8                   SIGMA =  0.770    
0       7     LOGNORMAL-N WITH THE PARAMETERS BELOW                                                       
                           MU =  -15.4                   SIGMA =  0.770    
0       8     LOGNORMAL-N WITH THE PARAMETERS BELOW                                                       
                           MU =  -14.5                   SIGMA =  0.770    
1Pecos::LHSDriver                                                                                                             
0LATIN HYPERCUBE SAMPLE INPUT VECTORS

 RUN NO. X(1)      X(2)      X(3)      X(4)      X(5)      X(6)      X(7)      X(8)
0    1 0.651     3.282E-09 5.697E-18 9.721E+03 2.415E-09 5.459E-31 1.250E-07 6.908E-07
0    2 0.700     3.406E-09 2.271E-18 1.062E+04 3.584E-10 5.298E-31 1.675E-07 9.827E-07
0    3 0.771     3.549E-09 1.372E-18 2.542E+04 1.667E-10 3.316E-31 3.433E-07 3.038E-06
0    4 0.684     3.365E-09 1.777E-18 8.487E+03 1.579E-10 1.698E-30 1.424E-07 8.313E-07
0    5 0.704     2.531E-09 3.591E-18 1.990E+04 8.048E-10 2.324E-31 3.179E-07 4.354E-07
0    6 0.866     2.615E-09 1.295E-18 9.409E+03 4.884E-10 3.546E-31 5.976E-08 6.426E-07
0    7 0.655     1.770E-09 2.163E-18 3.247E+04 1.340E-09 3.710E-31 1.298E-07 8.518E-07
0    8 0.754     3.319E-09 2.590E-18 6.432E+04 4.940E-10 1.988E-30 7.106E-07 2.991E-08
0    9 0.757     2.911E-09 1.611E-18 5.986E+04 4.284E-10 5.500E-31 2.330E-07 3.010E-07
0   10 0.758     2.510E-09 1.423E-18 2.495E+04 3.191E-10 6.860E-31 1.663E-07 4.919E-07
0   11 0.729     1.462E-09 3.525E-18 2.672E+05 7.722E-10 3.186E-31 4.706E-07 9.506E-07
0   12 0.805     3.163E-09 2.941E-18 1.858E+04 4.617E-10 4.982E-31 5.172E-07 7.592E-07
0   13 0.745     3.278E-09 4.825E-18 5.422E+04 5.724E-10 5.092E-31 9.253E-08 1.125E-07
0   14 0.732     3.097E-09 2.367E-18 2.163E+04 3.171E-10 1.285E-30 9.464E-08 1.840E-06
0   15 0.617     3.843E-09 2.554E-18 8.168E+03 4.829E-10 4.199E-31 1.498E-07 3.543E-07
0   16 0.827     3.011E-09 3.546E-18 8.138E+03 5.189E-10 4.905E-31 4.982E-07 2.416E-07
0   17 0.725     3.134E-09 5.392E-19 2.058E+04 2.806E-10 1.772E-31 3.877E-08 2.484E-07
0   18 0.788     3.324E-09 6.634E-19 7.996E+04 6.672E-10 4.389E-31 5.522E-08 5.554E-07
0   19 0.692     3.333E-09 4.104E-18 5.145E+04 5.311E-10 1.064E-30 1.475E-07 8.023E-07
0   20 0.798     2.211E-09 2.970E-18 1.829E+04 7.480E-10 3.929E-31 7.357E-07 5.513E-07
0   21 0.668     3.522E-09 1.553E-18 4.807E+04 5.749E-10 8.125E-31 3.379E-07 1.289E-07
0   22 0.708     2.802E-09 6.051E-18 1.102E+05 2.068E-09 2.661E-31 9.513E-08 2.577E-07
0   23 0.830     2.173E-09 2.432E-18 9.630E+03 7.512E-10 1.429E-30 1.462E-07 6.839E-07
0   24 0.767     2.315E-09 7.944E-18 1.105E+04 2.514E-09 3.391E-31 1.025E-07 5.396E-07
0   25 0.672     2.545E-09 2.066E-18 1.422E+04 1.650E-09 1.531E-31 7.069E-08 5.120E-07
0   26 0.779     2.768E-09 3.509E-18 5.339E+04 1.787E-09 3.037E-31 4.289E-08 4.526E-07
0   27 0.738     3.070E-09 1.267E-18 7.037E+04 1.475E-09 2.819E-31 1.350E-06 2.686E-07
0   28 0.664     3.336E-09 5.919E-18 7.963E+04 7.935E-10 2.466E-31 1.635E-07 3.893E-07
0   29 0.771     1.736E-09 1.533E-18 2.258E+04 2.395E-10 1.338E-30 2.850E-07 1.683E-06
0   30 0.688     3.410E-09 1.177E-18 4.379E+04 3.667E-10 1.154E-30 1.729E-07 5.738E-07
0   31 0.719     3.699E-09 6.178E-18 2.770E+04 1.070E-10 2.414E-31 4.885E-07 9.237E-07
0   32 0.613     2.118E-09 2.789E-18 5.766E+04 3.107E-10 9.289E-31 3.617E-07 1.438E-06
0   33 0.825     2.468E-09 2.225E-18 1.276E+04 1.866E-09 7.128E-31 6.848E-08 6.013E-07
0   34 0.820     3.800E-09 9.161E-18 1.302E+04 8.193E-10 1.901E-30 1.175E-07 3.367E-07
0   35 0.644     2.276E-09 4.598E-18 5.448E+04 1.660E-10 6.334E-31 4.780E-08 5.792E-07
0   36 0.770     4.028E-09 2.717E-18 3.606E+04 2.634E-10 5.362E-31 1.302E-07 4.754E-07
0   37 0.759     4.875E-09 3.403E-18 2.615E+04 1.822E-09 1.442E-31 1.393E-07 1.002E-06
0   38 0.598     3.198E-09 2.295E-18 1.026E+04 4.463E-10 7.229E-31 1.085E-07 8.163E-07
0   39 0.646     3.563E-09 2.740E-18 2.064E+04 2.963E-10 5.204E-31 8.049E-08 6.686E-07
0   40 0.763     1.800E-09 1.796E-18 1.177E+04 1.681E-09 7.044E-31 2.600E-07 6.589E-08
0   41 0.768     4.602E-09 1.020E-18 1.311E+04 1.269E-09 1.967E-31 4.687E-08 2.613E-07
0   42 0.638     2.529E-09 1.381E-18 4.658E+04 4.188E-10 1.365E-30 1.532E-07 1.112E-06
0   43 0.605     2.538E-09 3.371E-18 4.966E+04 1.729E-09 4.582E-31 2.231E-07 1.160E-06
0   44 0.713     2.885E-09 1.505E-18 8.730E+04 1.509E-09 5.311E-31 1.971E-07 4.577E-07
0   45 0.817     3.378E-09 1.900E-18 1.022E+05 8.793E-11 2.567E-31 3.922E-07 3.995E-07
0   46 0.780     1.863E-09 1.583E-18 3.518E+04 5.229E-10 8.762E-31 1.780E-07 3.510E-07
0   47 0.668     2.953E-09 1.701E-18 7.333E+03 3.892E-10 3.338E-31 5.538E-07 1.607E-06
0   48 0.615     3.833E-09 7.892E-19 5.251E+04 7.364E-10 1.764E-30 3.051E-07 5.605E-07
0   49 0.733     4.009E-09 3.704E-18 4.326E+04 2.745E-10 2.511E-31 1.653E-07 1.094E-06
0   50 0.631     2.638E-09 7.014E-18 6.880E+04 2.642E-09 1.125E-30 6.756E-07 7.063E-07
0   51 0.697     2.832E-09 9.741E-19 1.513E+04 3.063E-10 1.125E-31 9.712E-08 1.395E-07
0   52 0.677     2.505E-09 1.343E-18 4.338E+04 5.624E-10 7.775E-31 1.904E-07 4.642E-07
0   53 0.748     2.697E-09 1.010E-18 2.887E+04 1.378E-09 8.192E-31 1.079E-07 1.195E-06
0   54 0.685     2.736E-09 4.293E-18 2.389E+04 6.107E-10 1.042E-31 7.446E-07 1.414E-06
0   55 0.686     3.760E-09 2.577E-18 5.490E+04 8.109E-10 1.174E-30 1.702E-07 2.365E-07
0   56 0.709     3.082E-09 9.319E-19 4.690E+04 6.333E-10 7.928E-31 7.997E-07 3.107E-07
0   57 0.763     2.259E-09 3.744E-19 3.141E+04 6.738E-10 1.164E-30 1.171E-07 2.875E-07
0   58 0.795     3.048E-09 5.552E-19 1.374E+04 4.414E-10 7.257E-31 2.044E-07 1.557E-06
0   59 0.701     3.389E-09 3.494E-18 2.022E+04 1.083E-09 5.955E-31 1.110E-06 3.274E-06
0   60 0.710     2.483E-09 4.645E-18 1.977E+04 1.006E-09 5.892E-32 5.309E-07 8.595E-07
0   61 0.597     2.471E-09 2.516E-18 3.290E+04 2.431E-10 8.510E-31 8.244E-08 5.716E-07
0   62 0.680     3.614E-09 3.750E-18 2.578E+04 1.159E-09 7.084E-31 7.360E-08 9.575E-07
0   63 0.524     4.199E-09 2.197E-18 7.748E+04 3.989E-10 1.461E-30 2.283E-07 5.213E-07
0   64 0.722     2.458E-09 7.365E-18 1.124E+04 2.667E-10 4.603E-31 6.361E-07 1.193E-07
0   65 0.639     2.160E-09 1.981E-18 4.056E+04 3.407E-10 1.939E-30 5.366E-07 5.110E-07
0   66 0.627     3.603E-09 9.650E-19 5.517E+04 1.167E-09 5.347E-31 9.361E-08 7.819E-07
0   67 0.586     3.688E-09 1.732E-18 3.997E+04 2.878E-10 5.970E-31 2.967E-07 3.087E-07
0   68 0.658     2.828E-09 1.852E-18 2.866E+04 9.274E-10 3.134E-31 2.885E-07 2.500E-07
0   69 0.744     1.839E-09 3.242E-18 1.338E+04 3.805E-10 2.430E-30 2.038E-07 1.514E-06
0   70 0.691     3.219E-09 3.459E-18 2.206E+04 2.612E-09 2.606E-31 4.619E-07 6.299E-07
0   71 0.650     2.967E-09 3.100E-18 1.783E+04 1.534E-09 8.442E-31 2.194E-07 4.034E-07
0   72 0.660     3.204E-09 1.002E-18 1.335E+05 2.773E-10 3.637E-31 1.816E-07 1.247E-06
0   73 0.790     3.812E-09 1.124E-18 1.522E+04 1.653E-09 2.848E-31 2.183E-07 4.553E-07
0   74 0.648     3.224E-09 1.996E-18 1.810E+05 1.500E-09 5.158E-31 8.559E-08 2.552E-07
0   75 0.690     2.567E-09 5.730E-18 1.359E+04 3.873E-10 1.955E-31 9.817E-08 4.106E-07
0   76 0.647     2.397E-09 1.202E-17 5.052E+04 3.428E-10 6.199E-31 2.454E-07 1.089E-06
0   77 0.657     4.061E-09 1.545E-18 1.524E+05 4.484E-09 2.209E-31 9.053E-08 6.404E-07
0   78 0.803     1.958E-09 2.309E-18 1.457E+05 2.270E-10 6.575E-31 2.901E-07 8.368E-07
0   79 0.774     3.369E-09 1.396E-18 9.514E+04 1.447E-10 7.293E-32 3.693E-07 2.739E-07
0   80 0.815     2.153E-09 5.075E-19 3.777E+04 2.725E-10 1.805E-30 1.731E-07 4.678E-07
0   81 0.641     3.567E-09 7.632E-18 2.355E+04 9.759E-10 8.458E-31 1.936E-07 5.245E-07
0   82 0.809     2.995E-09 6.097E-19 4.182E+04 7.170E-10 2.789E-31 7.762E-07 2.387E-07
0   83 0.676     2.922E-09 1.509E-18 1.083E+04 1.105E-09 7.375E-31 1.191E-07 1.966E-06
0   84 0.885     2.282E-09 9.493E-19 6.441E+03 1.250E-09 1.500E-31 4.549E-07 4.861E-07
0   85 0.666     3.425E-09 9.463E-19 6.400E+04 5.844E-10 1.047E-30 9.586E-08 3.766E-07
0   86 0.639     3.893E-09 2.499E-18 1.236E+04 8.438E-10 1.300E-31 4.783E-07 7.196E-07
0   87 0.768     3.790E-09 2.108E-18 7.283E+04 2.592E-10 3.239E-31 2.510E-07 1.720E-06
0   88 0.617     2.208E-09 4.435E-19 1.431E+04 2.061E-10 7.613E-31 1.843E-07 6.255E-07
0   89 0.589     3.543E-09 5.899E-19 2.524E+04 2.310E-10 5.078E-31 2.497E-07 2.184E-07
0   90 0.815     3.678E-09 1.144E-18 3.089E+04 1.388E-09 3.952E-31 5.003E-08 4.892E-07
0   91 0.757     3.984E-09 7.235E-19 5.694E+04 5.019E-10 6.362E-31 5.777E-08 1.298E-06
0   92 0.731     2.585E-09 3.057E-18 1.463E+04 2.897E-09 1.733E-31 2.672E-07 1.173E-07
0   93 0.704     2.893E-09 1.961E-18 1.260E+04 8.580E-10 6.314E-31 3.865E-07 1.140E-06
0   94 0.774     2.604E-09 1.785E-18 2.676E+04 5.804E-10 4.115E-31 3.158E-07 4.447E-06
0   95 0.740     2.690E-09 2.180E-19 6.663E+04 1.364E-09 3.154E-31 4.502E-07 5.239E-07
0   96 0.847     2.748E-09 1.558E-18 6.573E+04 3.206E-10 3.724E-31 3.759E-08 6.579E-07
0   97 0.655     1.832E-09 3.729E-18 1.792E+04 3.700E-10 5.841E-31 1.114E-07 2.727E-07
0   98 0.727     3.090E-09 3.390E-18 3.345E+04 3.625E-10 1.311E-30 9.918E-08 2.150E-07
0   99 0.642     2.665E-09 4.717E-19 7.711E+04 3.111E-09 1.409E-30 2.052E-07 3.642E-07
0  100 0.702     3.257E-09 2.856E-18 1.050E+04 8.010E-10 5.048E-31 3.039E-07 1.975E-07
0  101 0.697     3.240E-09 3.162E-18 3.400E+04 5.168E-10 3.291E-31 2.933E-07 9.451E-07
0  102 0.712     2.706E-09 1.090E-18 2.669E+04 9.532E-10 6.138E-31 2.218E-07 1.651E-06
0  103 0.681     2.817E-09 8.345E-19 4.123E+04 1.529E-10 4.868E-31 3.527E-07 7.559E-07
0  104 0.702     2.447E-09 1.439E-18 1.718E+04 7.756E-10 3.615E-31 2.804E-07 1.549E-06
0  105 0.549     2.646E-09 2.004E-18 5.133E+04 1.084E-10 3.423E-31 3.488E-07 3.818E-07
0  106 0.760     3.078E-09 1.655E-18 1.845E+04 3.786E-10 7.346E-31 2.407E-07 2.784E-07
0  107 0.752     1.715E-09 1.698E-18 5.391E+04 4.679E-10 2.977E-31 2.834E-07 2.059E-07
0  108 0.744     2.999E-09 5.702E-19 1.394E+04 2.516E-10 1.545E-30 7.141E-07 8.099E-08
0  109 0.750     2.656E-09 9.139E-19 6.675E+04 8.352E-10 8.956E-31 2.020E-07 1.210E-06
0  110 0.604     3.577E-09 1.365E-18 4.436E+04 1.209E-09 1.367E-31 2.694E-07 1.055E-06
0  111 0.681     3.003E-09 2.157E-18 9.723E+04 1.409E-09 3.018E-31 8.668E-08 2.000E-07
0  112 0.689     3.292E-09 2.259E-18 1.641E+04 3.677E-10 4.809E-31 2.243E-07 3.497E-07
0  113 0.760     3.434E-09 8.158E-18 1.757E+04 5.657E-10 1.754E-30 2.816E-07 9.256E-08
0  114 0.707     1.667E-09 3.290E-18 7.250E+04 6.275E-10 4.817E-31 4.117E-07 5.673E-07
0  115 0.773     2.771E-09 2.171E-17 2.890E+04 8.248E-10 4.292E-31 3.215E-07 5.476E-07
0  116 0.595     3.558E-09 7.614E-19 7.832E+04 4.839E-10 2.780E-30 4.401E-07 3.981E-07
0  117 0.679     1.631E-09 1.915E-18 4.528E+04 1.232E-09 3.777E-31 4.479E-07 2.108E-07
0  118 0.794     2.699E-09 7.425E-18 2.424E+04 2.439E-10 4.357E-31 2.731E-07 3.526E-07
0  119 0.686     2.254E-09 1.031E-18 3.901E+04 7.948E-10 5.272E-31 3.094E-07 3.930E-07
0  120 0.755     3.631E-09 3.006E-18 1.968E+04 4.130E-10 8.037E-31 4.846E-07 4.470E-07
0  121 0.853     3.248E-09 8.018E-19 3.895E+04 1.426E-09 7.493E-31 1.346E-07 7.414E-07
0  122 0.742     3.143E-09 2.129E-18 5.823E+04 6.812E-10 5.488E-30 8.712E-08 6.740E-07
0  123 0.537     2.179E-09 5.106E-18 2.497E+04 3.269E-10 6.765E-31 3.257E-07 3.284E-07
0  124 0.787     2.840E-09 1.763E-18 4.009E+04 9.490E-10 4.847E-31 8.117E-08 1.346E-06
0  125 0.725     3.982E-09 3.335E-18 1.135E+05 3.930E-10 1.486E-30 1.438E-07 3.693E-07
0  126 0.860     2.050E-09 1.044E-18 1.369E+04 1.152E-10 4.920E-31 1.396E-07 9.100E-07
0  127 0.656     3.442E-09 3.331E-18 7.511E+04 3.842E-10 2.121E-31 1.507E-07 1.007E-06
0  128 0.711     2.842E-09 1.355E-18 3.098E+04 1.705E-09 2.031E-30 1.165E-07 7.377E-07
0  129 0.698     3.138E-09 6.784E-18 4.737E+04 7.008E-10 8.660E-31 9.329E-08 5.318E-07
0  130 0.770     2.655E-09 1.712E-18 3.446E+04 5.254E-10 2.689E-31 2.072E-07 9.614E-08
0  131 0.743     3.554E-09 1.886E-18 2.277E+04 1.182E-09 3.506E-31 1.307E-07 5.846E-07
0  132 0.623     2.791E-09 1.064E-18 1.655E+04 5.040E-10 5.524E-31 2.100E-07 3.832E-07
0  133 0.716     3.152E-09 1.422E-18 4.579E+04 1.440E-09 6.428E-31 3.476E-07 4.840E-07
0  134 0.699     2.711E-09 1.096E-18 1.033E+05 1.964E-10 6.755E-31 4.946E-07 1.608E-07
0  135 0.836     4.148E-09 1.595E-18 2.608E+04 9.376E-10 6.208E-31 6.532E-08 2.991E-07
0  136 0.734     3.233E-09 3.627E-18 1.546E+04 1.611E-09 2.442E-31 9.156E-08 3.178E-07
0  137 0.599     1.904E-09 1.276E-18 1.157E+04 6.429E-10 4.780E-31 5.110E-07 7.109E-07
0  138 0.679     2.070E-09 1.036E-18 2.319E+04 3.083E-10 9.009E-31 7.288E-08 6.546E-07
0  139 0.797     3.505E-09 1.690E-18 2.236E+04 4.444E-10 3.688E-31 3.821E-07 1.477E-06
0  140 0.608     1.265E-09 1.466E-18 2.229E+04 8.624E-10 4.052E-31 2.580E-07 1.961E-07
0  141 0.808     2.345E-09 6.698E-18 1.657E+05 7.782E-10 2.762E-31 2.656E-07 8.691E-07
0  142 0.561     3.092E-09 1.795E-18 7.148E+04 6.711E-10 3.006E-31 4.147E-07 5.470E-07
0  143 0.653     3.105E-09 5.428E-18 3.377E+04 2.740E-09 8.577E-31 2.112E-07 1.871E-07
0  144 0.706     2.492E-09 2.988E-18 1.191E+04 2.359E-10 1.145E-30 3.870E-07 2.946E-07
0  145 0.715     3.086E-09 5.143E-18 1.408E+04 4.166E-10 4.316E-31 4.935E-08 2.289E-07
0  146 0.640     3.186E-09 1.479E-18 4.828E+04 2.488E-10 1.525E-31 3.410E-07 5.957E-07
0  147 0.739     3.668E-09 1.822E-18 1.135E+04 4.152E-10 1.028E-30 4.088E-07 8.064E-07
0  148 0.721     2.785E-09 8.514E-19 2.346E+04 3.549E-10 1.197E-31 1.511E-07 6.046E-07
0  149 0.664     3.263E-09 1.565E-18 6.462E+04 9.660E-10 3.247E-31 2.355E-07 5.386E-07
0  150 0.749     3.795E-09 2.821E-18 9.156E+03 5.108E-10 3.112E-31 7.696E-08 7.894E-07
0  151 0.802     2.865E-09 1.673E-18 5.079E+04 7.632E-10 7.686E-31 4.597E-07 4.071E-07
0  152 0.730     2.682E-09 2.930E-18 1.968E+05 8.524E-10 2.082E-30 7.181E-08 8.124E-07
0  153 0.607     3.495E-09 7.057E-19 4.231E+04 8.909E-10 2.226E-31 1.047E-07 6.447E-07
0  154 0.753     2.011E-09 2.251E-18 1.002E+04 5.907E-10 9.750E-31 5.243E-07 1.360E-06
0  155 0.742     3.747E-09 8.453E-19 1.837E+04 1.776E-10 4.264E-31 1.338E-07 1.858E-06
0  156 0.695     2.093E-09 3.421E-18 5.903E+03 2.037E-10 8.859E-31 1.932E-07 8.277E-07
0  157 0.793     3.478E-09 4.812E-18 2.954E+04 3.469E-10 7.546E-31 1.490E-07 5.763E-07
0  158 0.703     2.420E-09 2.085E-18 4.464E+04 7.562E-10 1.096E-30 6.465E-07 8.812E-07
0  159 0.831     2.424E-09 6.447E-18 2.786E+04 2.830E-10 1.926E-31 7.825E-08 3.343E-07
0  160 0.718     1.779E-09 1.570E-18 3.561E+04 3.949E-10 3.595E-31 4.243E-07 5.298E-07
0  161 0.716     1.966E-09 2.866E-18 2.220E+04 8.391E-10 1.568E-30 1.441E-07 1.565E-07
0  162 0.630     1.546E-09 9.215E-19 1.572E+04 1.035E-09 6.948E-31 6.570E-08 1.668E-07
0  163 0.665     3.660E-09 1.446E-18 2.442E+04 1.048E-09 2.346E-31 5.397E-08 5.183E-07
0  164 0.658     3.488E-09 4.391E-18 3.960E+04 1.628E-09 1.591E-31 5.879E-07 4.647E-07
0  165 0.710     3.177E-09 2.886E-18 2.474E+04 2.571E-10 9.620E-31 6.438E-08 1.497E-06
0  166 0.762     3.394E-09 4.896E-19 2.017E+04 3.449E-10 2.450E-31 7.415E-08 1.826E-07
0  167 0.667     3.756E-09 2.619E-18 1.483E+05 2.931E-10 7.968E-31 1.612E-07 3.160E-07
0  168 0.736     3.451E-09 2.034E-18 1.582E+04 8.817E-10 2.917E-31 5.603E-07 4.402E-07
0  169 0.712     2.902E-09 3.226E-18 2.084E+04 1.479E-09 4.220E-31 1.765E-07 1.015E-06
0  170 0.799     2.945E-09 1.903E-18 1.629E+04 2.094E-10 9.549E-31 6.155E-07 3.135E-07
0  171 0.701     4.251E-09 1.666E-18 6.306E+04 6.213E-10 4.523E-31 1.996E-07 1.233E-06
0  172 0.728     2.228E-09 9.852E-19 3.761E+04 1.485E-10 5.676E-31 1.381E-07 2.987E-07
0  173 0.705     3.383E-09 1.970E-18 1.959E+04 7.230E-10 1.272E-31 2.317E-07 2.704E-07
0  174 0.603     1.005E-09 8.598E-18 7.628E+04 1.306E-09 2.790E-31 4.379E-07 9.330E-07
0  175 0.728     3.006E-09 9.559E-19 2.992E+04 4.303E-10 5.909E-31 3.722E-07 1.129E-06
0  176 0.643     2.322E-09 3.836E-18 3.431E+04 9.943E-10 5.235E-31 8.346E-08 6.587E-07
0  177 0.686     3.583E-09 2.814E-18 3.172E+04 1.096E-09 3.938E-30 1.834E-07 1.101E-06
0  178 0.754     4.039E-09 1.134E-18 3.223E+04 2.223E-10 2.292E-31 1.573E-07 7.857E-07
0  179 0.695     3.673E-09 7.403E-19 4.859E+04 1.588E-09 5.715E-31 1.225E-07 3.422E-07
0  180 0.569     3.738E-09 4.476E-18 1.811E+04 1.524E-09 2.643E-31 1.782E-07 4.782E-07
0  181 0.737     2.515E-09 2.348E-18 3.046E+04 2.051E-09 1.571E-31 1.877E-07 1.711E-07
0  182 0.650     4.223E-09 7.702E-19 6.284E+03 8.947E-10 1.317E-30 1.010E-06 2.650E-07
0  183 0.688     2.678E-09 1.494E-18 1.390E+05 6.472E-10 9.673E-32 6.124E-08 1.235E-07
0  184 0.791     2.724E-09 1.209E-18 1.745E+04 5.562E-10 4.958E-31 4.308E-07 4.276E-07
0  185 0.652     3.962E-09 1.202E-18 1.462E+04 2.866E-10 7.708E-31 1.642E-07 1.062E-07
0  186 0.711     3.075E-09 8.127E-19 3.872E+04 6.628E-10 6.629E-31 6.609E-07 5.050E-07
0  187 0.653     3.432E-09 3.142E-18 1.291E+05 6.047E-10 4.131E-31 9.629E-07 2.898E-07
0  188 0.729     3.156E-09 7.137E-19 1.083E+05 2.128E-10 5.578E-31 1.373E-07 5.621E-07
0  189 0.843     3.655E-09 4.532E-18 2.077E+04 3.769E-10 3.754E-31 1.132E-07 7.952E-07
0  190 0.626     2.301E-09 2.201E-18 3.684E+04 5.100E-10 4.736E-31 7.100E-08 4.433E-07
0  191 0.752     2.819E-09 7.172E-19 5.731E+04 4.735E-10 1.754E-31 3.666E-07 6.615E-07
0  192 0.716     3.867E-09 3.265E-18 8.110E+04 6.786E-10 1.675E-31 1.593E-07 6.377E-07
0  193 0.690     3.483E-09 1.755E-18 1.662E+04 7.333E-10 1.060E-30 1.127E-07 9.381E-07
0  194 0.778     3.910E-09 1.862E-18 2.412E+04 4.992E-10 1.249E-30 2.625E-07 4.710E-07
0  195 0.708     2.198E-09 5.996E-19 3.364E+04 1.457E-09 2.173E-31 2.947E-07 5.017E-07
0  196 0.657     2.329E-09 6.288E-19 1.772E+04 3.382E-10 5.135E-31 2.924E-07 2.917E-06
0  197 0.730     2.549E-09 4.224E-18 1.892E+04 5.419E-10 9.918E-31 2.176E-07 6.154E-07
0  198 0.672     3.327E-09 2.384E-18 2.903E+04 2.482E-10 2.965E-31 2.535E-07 3.117E-07
0  199 0.628     2.957E-09 1.327E-18 1.594E+04 1.109E-09 7.146E-31 8.902E-08 4.325E-07
0  200 0.630     2.491E-09 3.200E-18 2.759E+04 3.225E-10 1.222E-31 2.133E-07 6.197E-07
0  201 0.615     3.296E-09 1.140E-18 1.216E+04 1.131E-09 4.446E-31 1.230E-07 1.293E-06
0  202 0.588     3.238E-09 2.644E-18 3.334E+04 8.470E-10 9.511E-31 2.279E-07 4.958E-07
0  203 0.624     3.770E-09 3.884E-18 2.723E+04 4.395E-10 1.805E-31 8.610E-07 8.329E-08
0  204 0.610     2.064E-09 2.312E-18 2.570E+04 4.237E-10 1.441E-30 3.582E-07 1.738E-07
0  205 0.708     3.422E-09 4.903E-18 2.647E+04 7.862E-10 1.503E-30 3.634E-07 1.018E-06
0  206 0.727     4.132E-09 1.649E-18 7.064E+03 4.746E-10 8.618E-32 3.097E-07 3.775E-07
0  207 0.713     1.654E-09 2.119E-18 1.901E+04 4.344E-10 5.565E-31 1.054E-07 1.059E-06
0  208 0.574     2.891E-09 7.826E-19 8.834E+04 5.063E-10 1.297E-30 1.923E-07 4.127E-07
0  209 0.654     2.916E-09 3.558E-19 2.631E+04 7.431E-10 2.305E-31 6.972E-07 2.339E-07
0  210 0.631     2.880E-09 1.334E-18 3.784E+04 2.011E-10 8.730E-31 2.390E-07 2.855E-07
0  211 0.709     2.632E-09 8.813E-19 2.291E+04 9.869E-10 1.011E-30 1.711E-07 2.284E-07
0  212 0.734     2.442E-09 1.591E-18 3.316E+04 5.376E-10 2.067E-31 2.395E-07 1.044E-06
0  213 0.812     2.848E-09 2.404E-18 3.462E+04 4.664E-10 1.404E-31 1.005E-07 4.010E-07
0  214 0.622     2.596E-09 3.587E-18 6.100E+04 9.201E-10 7.792E-31 1.884E-07 7.141E-07
0  215 0.717     4.420E-09 1.680E-18 2.114E+04 3.957E-10 2.944E-31 1.273E-06 1.588E-07
0  216 0.822     2.914E-09 5.248E-19 2.143E+04 8.072E-10 3.839E-31 2.676E-07 1.039E-06
0  217 0.671     3.024E-09 3.677E-18 3.110E+04 2.380E-10 3.264E-31 2.709E-08 1.916E-07
0  218 0.673     3.822E-09 2.281E-18 9.338E+04 4.213E-10 4.709E-31 7.726E-07 1.414E-07
0  219 0.765     3.253E-09 1.805E-18 2.964E+04 2.799E-10 3.226E-31 1.320E-07 2.768E-07
0  220 0.792     3.881E-09 1.295E-17 2.327E+04 2.277E-09 5.629E-31 1.106E-07 2.961E-07
0  221 0.591     1.876E-09 1.081E-18 1.605E+04 3.855E-10 7.860E-31 1.322E-07 9.641E-07
0  222 0.746     4.399E-09 4.037E-19 5.634E+04 5.930E-10 6.926E-31 1.762E-07 2.647E-06
0  223 0.833     3.356E-09 2.758E-18 2.130E+04 4.011E-10 7.911E-31 3.311E-08 3.677E-07
0  224 0.785     2.972E-09 1.386E-18 2.838E+04 1.361E-10 3.800E-31 7.943E-08 2.401E-07
0  225 0.695     3.229E-09 3.002E-18 9.097E+04 1.814E-10 5.426E-31 2.067E-07 2.678E-07
0  226 0.634     2.961E-09 1.636E-18 1.014E+04 2.219E-10 3.543E-31 7.805E-08 2.066E-07
0  227 0.750     3.045E-09 4.950E-18 1.699E+04 1.913E-10 6.071E-31 6.025E-07 1.762E-07
0  228 0.759     3.640E-09 1.813E-18 6.240E+04 5.141E-10 1.022E-31 2.867E-07 2.370E-06
0  229 0.761     2.335E-09 1.880E-18 8.577E+04 5.463E-10 2.291E-30 1.280E-07 1.672E-07
0  230 0.793     2.428E-09 5.513E-18 3.945E+04 4.565E-10 9.203E-31 5.598E-08 7.297E-07
0  231 0.676     4.075E-09 2.904E-18 3.660E+04 7.302E-10 1.334E-31 2.479E-07 5.647E-07
0  232 0.720     3.213E-09 2.473E-18 2.191E+04 7.691E-10 1.600E-30 4.446E-07 1.926E-07
0  233 0.735     3.528E-09 1.262E-18 9.459E+04 4.624E-10 2.023E-31 2.550E-07 3.791E-07
0  234 0.838     3.018E-09 3.958E-18 6.771E+04 3.028E-10 7.314E-31 2.709E-07 3.631E-07
0  235 0.750     2.144E-09 1.472E-18 3.484E+04 2.617E-10 4.645E-31 1.599E-07 5.362E-07
0  236 0.657     3.344E-09 4.690E-19 4.635E+04 6.116E-10 1.795E-31 4.806E-07 8.989E-07
0  237 0.660     2.727E-09 1.166E-18 4.129E+04 1.831E-09 8.240E-31 1.519E-07 1.883E-06
0  238 0.714     4.104E-09 2.054E-18 3.135E+04 5.402E-10 5.677E-31 8.263E-07 8.198E-07
0  239 0.677     3.274E-09 1.236E-18 3.296E+04 1.550E-10 4.617E-31 2.259E-07 5.164E-07
0  240 0.703     3.499E-09 2.211E-18 2.177E+04 2.268E-09 2.616E-30 5.057E-07 4.809E-07
0  241 0.730     4.308E-09 2.187E-18 1.703E+04 2.949E-10 1.669E-30 3.771E-07 4.769E-07
0  242 0.683     2.553E-09 2.706E-18 2.213E+05 1.561E-09 4.483E-31 1.330E-07 7.755E-07
0  243 0.717     3.015E-09 1.194E-18 5.187E+04 7.188E-10 6.516E-31 1.061E-07 2.640E-07
0  244 0.644     3.139E-09 1.491E-18 4.251E+04 1.733E-10 4.079E-31 1.155E-07 7.730E-07
0  245 0.706     2.905E-09 4.676E-18 6.540E+04 7.062E-11 3.655E-31 2.429E-07 5.443E-07
0  246 0.670     3.384E-09 2.239E-18 3.209E+04 2.685E-10 2.497E-31 5.969E-07 2.534E-07
0  247 0.721     3.607E-09 1.410E-18 2.312E+04 2.545E-10 5.179E-31 1.564E-07 2.036E-07
0  248 0.740     1.918E-09 1.529E-18 6.756E+03 4.694E-10 1.626E-31 8.418E-07 2.298E-06
0  249 0.679     3.924E-09 2.689E-18 5.554E+04 6.944E-10 1.521E-30 1.148E-07 5.083E-07
0  250 0.594     2.248E-09 6.501E-19 7.486E+03 1.176E-09 2.526E-31 1.035E-07 4.140E-07
0  251 0.633     3.510E-09 1.076E-18 5.299E+03 6.404E-10 2.614E-31 6.696E-08 2.125E-07
0  252 0.780     2.377E-09 3.919E-18 1.932E+04 1.915E-09 3.455E-31 1.910E-07 1.725E-07
0  253 0.662     4.000E-09 2.911E-18 1.444E+04 5.873E-10 6.485E-31 1.179E-06 2.026E-06
0  254 0.649     3.308E-09 1.744E-18 3.920E+03 2.273E-10 9.322E-32 6.787E-08 3.603E-07
0  255 0.667     2.266E-09 2.099E-18 2.512E+04 1.201E-10 2.363E-31 8.879E-07 1.155E-06
0  256 0.724     4.296E-09 1.953E-18 1.210E+05 1.128E-09 4.006E-31 4.183E-07 4.925E-07
0  257 0.690     4.702E-09 3.854E-18 5.896E+04 1.143E-09 2.139E-31 4.044E-07 1.121E-06
0  258 0.781     4.451E-09 2.339E-18 1.878E+04 7.470E-10 7.423E-31 3.567E-07 4.716E-07
0  259 0.621     2.499E-09 2.066E-18 1.348E+04 3.308E-09 3.061E-31 1.012E-07 5.534E-07
0  260 0.579     2.624E-09 1.926E-18 6.940E+04 2.099E-10 1.039E-30 4.073E-08 1.069E-06
0  261 0.724     2.186E-09 3.906E-18 1.399E+04 2.135E-09 1.196E-30 2.488E-07 1.469E-07
0  262 0.711     3.629E-09 3.051E-18 4.614E+04 2.708E-10 3.866E-31 1.481E-07 4.173E-07
0  263 0.738     2.941E-09 4.769E-18 7.461E+04 4.258E-10 2.201E-30 3.682E-07 9.044E-07
0  264 0.643     2.085E-09 2.393E-18 3.030E+04 1.728E-10 2.255E-31 2.368E-07 7.329E-07
0  265 0.873     2.562E-09 1.741E-18 3.408E+04 2.155E-10 2.840E-31 6.182E-08 9.946E-07
0  266 0.807     2.978E-09 9.107E-19 2.697E+04 1.242E-09 3.150E-31 5.153E-08 1.849E-07
0  267 0.726     3.102E-09 2.570E-19 2.284E+04 5.600E-10 4.509E-31 3.284E-07 1.740E-06
0  268 0.689     3.056E-09 1.300E-18 3.856E+04 5.499E-10 1.113E-30 1.067E-07 4.421E-07
0  269 0.782     2.852E-09 3.449E-18 1.110E+04 1.357E-09 4.695E-31 2.437E-07 7.216E-07
0  270 0.723     3.936E-09 1.259E-18 3.197E+04 3.754E-10 1.139E-30 1.410E-07 2.088E-07
0  271 0.648     1.943E-09 1.873E-18 2.937E+04 8.161E-10 4.405E-31 8.392E-08 3.378E-07
0  272 0.653     3.692E-09 2.545E-18 6.087E+03 1.568E-09 2.380E-31 5.270E-08 7.489E-07
0  273 0.789     2.617E-09 2.330E-18 3.015E+04 5.793E-10 3.903E-31 1.043E-06 6.078E-07
0  274 0.700     1.980E-09 9.838E-19 7.852E+03 6.666E-10 6.154E-31 1.255E-07 1.182E-06
0  275 0.738     3.956E-09 1.831E-18 6.136E+04 8.341E-09 4.242E-31 2.214E-07 2.188E-06
0  276 0.749     4.254E-09 2.422E-18 8.470E+04 6.009E-10 1.159E-31 9.961E-08 2.925E-07
0  277 0.696     2.293E-09 7.834E-18 4.503E+04 8.669E-10 3.435E-31 4.369E-08 3.732E-07
0  278 0.821     3.724E-09 9.356E-19 9.802E+04 1.066E-09 2.215E-30 1.690E-07 1.386E-06
0  279 0.753     2.717E-09 2.660E-18 7.414E+04 3.576E-10 3.574E-31 2.464E-07 3.480E-07
0  280 0.646     3.534E-09 1.055E-18 1.483E+04 1.739E-09 1.019E-30 1.659E-07 1.902E-07
0  281 0.736     1.558E-09 1.316E-18 8.233E+04 3.320E-10 4.056E-31 4.684E-07 7.685E-07
0  282 0.741     2.685E-09 9.735E-18 1.193E+04 3.730E-10 6.400E-31 1.463E-07 8.831E-07
0  283 0.786     2.930E-09 6.318E-18 2.931E+04 9.547E-10 6.030E-31 6.826E-07 2.492E-06
0  284 0.645     2.438E-09 4.337E-18 9.943E+04 1.898E-09 5.794E-31 7.641E-08 3.223E-07
0  285 0.766     2.896E-09 5.210E-18 1.919E+04 6.970E-10 1.625E-30 9.001E-08 3.570E-07
0  286 0.707     3.039E-09 1.629E-18 2.455E+04 1.967E-09 7.181E-31 3.747E-07 5.873E-07
0  287 0.697     4.095E-09 2.373E-18 8.420E+03 5.324E-10 6.269E-31 3.924E-07 5.809E-07
0  288 0.696     2.237E-09 1.094E-17 2.375E+04 5.675E-10 1.377E-30 2.518E-07 8.932E-07
0  289 0.756     3.710E-09 2.175E-18 8.977E+03 9.090E-10 4.022E-31 2.771E-07 6.484E-07
0  290 0.692     3.348E-09 1.068E-18 7.680E+03 9.410E-10 6.997E-31 3.321E-07 9.154E-07
0  291 0.636     2.415E-09 1.404E-18 8.955E+04 2.996E-10 9.154E-31 6.902E-08 3.070E-07
0  292 0.719     2.222E-09 3.109E-18 2.404E+04 1.147E-09 2.187E-31 1.983E-07 2.243E-07
0  293 0.573     2.741E-09 1.013E-17 3.556E+04 3.484E-10 2.676E-31 1.090E-07 1.667E-06
0  294 0.751     3.037E-09 1.319E-18 5.032E+04 7.127E-10 5.613E-31 2.780E-07 5.997E-07
0  295 0.694     2.750E-09 4.182E-18 6.005E+04 3.846E-09 1.005E-30 5.721E-07 1.071E-07
0  296 0.732     3.892E-09 8.671E-19 6.963E+03 8.767E-10 9.949E-31 6.294E-07 4.615E-07
0  297 0.673     3.418E-09 4.151E-18 2.125E+04 4.051E-10 5.406E-31 1.353E-07 8.472E-07
0  298 0.801     2.380E-09 8.783E-19 4.553E+04 9.776E-10 5.774E-31 1.123E-07 1.277E-06
0  299 0.715     2.964E-09 1.605E-18 2.254E+04 6.182E-10 1.191E-30 1.805E-07 2.679E-06
0  300 0.678     3.460E-09 1.053E-17 2.596E+04 2.004E-09 9.847E-31 1.361E-07 6.334E-07
0  301 0.674     2.866E-09 8.426E-18 2.549E+04 5.710E-10 2.143E-31 3.351E-07 1.373E-07
0  302 0.691     2.609E-09 2.962E-19 4.710E+04 5.858E-11 1.662E-31 8.894E-08 3.050E-07
0  303 0.776     3.859E-09 1.107E-18 3.074E+04 4.333E-10 2.729E-31 3.390E-07 3.859E-07
0  304 0.731     2.642E-09 1.121E-18 3.492E+04 1.278E-09 1.858E-31 2.155E-07 2.567E-07
0  305 0.719     3.127E-09 6.983E-18 8.384E+04 7.097E-10 1.584E-30 1.745E-07 4.196E-07
0  306 0.678     2.777E-09 1.434E-18 2.104E+04 6.055E-10 1.120E-30 5.843E-07 1.219E-06
0  307 0.726     3.515E-09 1.842E-18 2.855E+04 7.840E-10 1.834E-30 5.412E-07 3.403E-07
0  308 0.703     2.521E-09 7.320E-19 4.265E+04 3.509E-10 5.118E-31 2.403E-06 2.166E-07
0  309 0.626     4.506E-09 5.450E-18 2.732E+04 3.533E-10 3.478E-31 6.306E-08 1.793E-07
0  310 0.670     3.313E-09 5.031E-18 2.265E+03 1.291E-10 7.588E-31 1.865E-07 2.353E-07
0  311 0.682     3.124E-09 5.099E-19 2.796E+04 1.226E-09 3.818E-31 3.447E-07 1.379E-06
0  312 0.664     3.171E-09 3.808E-18 1.322E+04 9.674E-11 6.249E-31 1.264E-07 3.029E-07
0  313 0.662     3.179E-09 6.757E-19 1.296E+04 1.120E-09 2.118E-30 2.610E-07 6.110E-07
0  314 0.813     3.619E-09 3.302E-18 8.711E+03 1.406E-09 5.855E-31 2.011E-07 4.061E-07
0  315 0.693     2.365E-09 4.367E-18 1.570E+04 4.112E-10 2.906E-30 1.568E-07 5.030E-07
0  316 0.635     2.575E-09 1.724E-18 3.736E+04 1.332E-09 9.363E-31 5.148E-07 1.018E-07
0  317 0.755     2.870E-09 2.147E-18 6.071E+04 3.361E-10 1.391E-30 5.921E-08 5.289E-07
0  318 0.687     2.856E-09 5.367E-18 1.866E+04 6.557E-10 8.071E-31 1.892E-07 4.213E-07
0  319 0.635     2.671E-09 1.459E-18 2.461E+04 1.044E-09 4.413E-31 2.856E-07 3.727E-07
0  320 0.698     3.398E-09 2.095E-18 5.001E+04 1.308E-09 1.217E-30 2.254E-07 1.316E-06
0  321 0.674     2.878E-09 5.834E-19 1.689E+04 9.150E-10 5.997E-31 3.805E-07 6.662E-07
0  322 0.683     3.026E-09 1.250E-18 8.902E+03 1.090E-09 5.470E-31 6.243E-07 1.491E-07
0  323 0.700     2.781E-09 6.409E-18 3.623E+04 1.881E-10 2.578E-31 4.558E-08 8.436E-07
0  324 0.747     2.598E-09 1.948E-18 4.161E+04 5.974E-10 3.057E-30 1.749E-07 3.956E-07
0  325 0.692     2.390E-09 1.376E-17 1.948E+04 8.848E-10 6.668E-31 7.551E-08 1.352E-07
0  326 0.735     3.061E-09 3.309E-19 3.822E+04 1.293E-09 3.375E-31 1.852E-07 6.229E-07
0  327 0.705     2.754E-09 6.550E-19 3.691E+04 4.085E-10 3.196E-31 2.304E-07 7.250E-07
0  328 0.639     4.176E-09 5.450E-19 2.711E+04 3.018E-10 3.513E-31 1.687E-07 9.790E-07
0  329 0.684     2.475E-09 9.930E-19 4.091E+04 4.033E-10 2.896E-31 1.454E-07 3.264E-07
0  330 0.663     3.246E-09 2.017E-18 2.741E+04 5.946E-10 8.319E-31 1.535E-07 3.882E-07
0  331 0.746     2.947E-09 2.510E-18 4.363E+04 6.232E-10 2.047E-31 2.984E-07 7.039E-07
0  332 0.694     3.168E-09 1.226E-18 3.715E+04 4.499E-10 1.092E-30 3.503E-08 7.981E-07
0  333 0.777     1.921E-09 5.984E-18 1.061E+05 1.957E-09 2.399E-31 3.995E-07 3.895E-06
0  334 0.665     3.448E-09 2.613E-18 9.851E+03 3.254E-10 4.934E-31 1.582E-07 4.314E-07
0  335 0.687     3.852E-09 4.021E-18 1.537E+04 1.025E-09 6.105E-31 2.742E-07 6.877E-07
0  336 0.718     2.733E-09 1.517E-18 6.792E+04 2.344E-09 1.620E-31 1.556E-07 1.455E-07
0  337 0.699     3.188E-09 4.560E-18 3.817E+04 2.438E-09 1.394E-31 1.541E-07 3.240E-07
0  338 0.801     2.715E-09 3.986E-18 4.035E+04 4.872E-10 2.701E-31 1.479E-06 6.984E-07
0  339 0.563     1.332E-09 2.457E-18 4.945E+04 6.877E-10 4.357E-32 2.642E-07 2.251E-07
0  340 0.766     3.151E-09 3.147E-18 7.189E+04 8.981E-10 2.261E-31 1.207E-07 7.640E-07
0  341 0.733     2.982E-09 4.076E-18 6.988E+04 4.529E-10 5.760E-31 4.201E-07 8.615E-07
0  342 0.556     4.115E-09 4.428E-18 4.929E+03 5.269E-10 8.254E-31 1.272E-07 3.919E-07
0  343 0.680     2.933E-09 2.744E-18 9.282E+03 4.977E-10 8.881E-31 1.187E-07 4.240E-07
0  344 0.584     3.288E-09 1.024E-18 3.232E+04 1.017E-09 1.703E-30 9.733E-08 1.026E-06
0  345 0.671     3.776E-09 3.085E-18 1.808E+04 1.627E-10 4.669E-31 3.199E-07 1.240E-07
0  346 0.706     1.386E-09 7.179E-18 1.071E+04 4.519E-10 8.387E-32 1.101E-07 5.938E-07
0  347 0.746     2.859E-09 8.588E-19 1.669E+04 2.222E-09 9.713E-31 1.145E-07 3.259E-07
0  348 0.762     2.808E-09 4.968E-18 1.039E+04 3.302E-10 3.968E-31 8.771E-08 4.987E-07
0  349 0.618     2.761E-09 3.843E-19 1.998E+04 1.772E-09 4.223E-31 1.367E-07 2.228E-06
0  350 0.741     3.360E-09 4.044E-18 1.498E+04 1.215E-09 1.226E-30 4.282E-07 1.551E-07
0  351 0.745     2.811E-09 8.396E-19 2.810E+04 6.522E-10 6.610E-31 2.585E-07 2.225E-07
0  352 0.659     3.191E-09 4.191E-18 3.152E+04 2.176E-10 2.744E-31 2.091E-07 4.154E-07
0  353 0.651     2.824E-09 5.318E-18 4.401E+04 4.371E-10 6.826E-31 5.697E-07 3.463E-07
0  354 0.666     3.303E-09 2.014E-18 6.318E+04 9.034E-10 3.888E-31 1.246E-07 4.506E-07
0  355 0.775     3.470E-09 5.258E-18 4.916E+04 3.632E-10 7.485E-31 2.562E-07 3.655E-07
0  356 0.895     2.592E-09 1.308E-18 1.230E+05 6.863E-10 3.676E-31 2.754E-07 7.115E-08
0  357 0.601     2.363E-09 8.262E-19 1.149E+04 9.630E-10 1.868E-31 1.410E-07 3.430E-07
0  358 0.661     2.041E-09 2.844E-18 1.553E+04 6.505E-10 3.400E-31 5.483E-07 7.451E-07
0  359 0.758     3.594E-09 4.546E-19 1.490E+04 1.318E-09 1.204E-30 5.714E-08 3.313E-07
0  360 0.724     2.991E-09 4.711E-18 1.158E+05 1.837E-10 1.838E-31 3.019E-07 2.841E-07
0  361 0.637     2.354E-09 1.199E-18 1.206E+04 7.048E-10 2.026E-31 2.966E-08 1.424E-06
0  362 0.685     2.627E-09 7.527E-19 2.043E+04 1.198E-09 8.622E-31 2.373E-07 3.588E-07
0  363 0.714     3.947E-09 6.568E-18 5.286E+04 6.154E-10 6.540E-31 1.211E-07 2.914E-07
0  364 0.739     2.134E-09 6.899E-19 1.623E+04 5.473E-10 3.054E-31 3.061E-07 2.458E-07
0  365 0.735     2.761E-09 9.016E-19 4.213E+04 3.466E-09 1.086E-30 1.042E-07 2.600E-07
0  366 0.747     3.269E-09 6.438E-19 1.723E+04 1.392E-10 9.082E-31 1.021E-07 2.448E-07
0  367 0.675     3.298E-09 1.619E-18 6.186E+04 6.912E-10 1.090E-31 2.294E-07 1.075E-06
0  368 0.675     3.052E-09 1.237E-18 4.768E+04 9.970E-10 3.585E-30 2.341E-07 1.261E-06
0  369 0.769     3.119E-09 1.610E-17 1.240E+04 1.031E-09 1.035E-30 3.003E-07 1.177E-06
0  370 0.783     2.669E-09 5.590E-18 1.732E+05 3.109E-10 4.331E-31 2.084E-07 5.901E-07
0  371 0.786     3.713E-09 4.270E-18 4.898E+04 3.138E-10 4.475E-31 3.116E-07 9.200E-07
0  372 0.693     3.208E-09 8.118E-19 2.365E+04 6.586E-10 1.476E-31 3.300E-07 3.200E-07
0  373 0.609     2.925E-09 1.220E-18 3.263E+04 9.316E-10 2.509E-30 3.144E-07 1.305E-07
0  374 0.743     2.108E-09 2.478E-18 4.064E+04 4.771E-10 8.385E-31 1.812E-07 6.169E-07
0  375 0.633     2.792E-09 2.595E-18 5.803E+04 4.181E-09 1.706E-31 2.010E-07 4.258E-07
0  376 0.578     3.648E-09 1.154E-18 3.935E+04 4.586E-10 4.760E-31 1.432E-07 1.988E-06
0  377 0.612     2.002E-09 1.937E-18 5.931E+04 1.960E-10 3.096E-31 1.716E-07 8.734E-07
0  378 0.619     3.476E-09 2.448E-18 1.127E+05 7.595E-10 4.547E-31 8.509E-08 1.245E-06
0  379 0.720     3.117E-09 2.039E-18 3.059E+04 1.188E-09 3.330E-31 1.289E-07 1.469E-06
0  380 0.722     3.589E-09 1.286E-18 8.274E+04 1.077E-09 2.549E-31 8.165E-08 1.802E-07
0  381 0.670     2.456E-09 5.797E-18 5.599E+04 6.358E-10 5.895E-31 1.238E-07 6.816E-07
0  382 0.851     2.409E-09 1.161E-18 2.036E+04 2.151E-09 2.903E-31 4.343E-07 2.318E-07
0  383 0.669     4.339E-09 8.954E-18 2.826E+04 2.900E-10 9.259E-31 1.951E-07 9.685E-07
0  384 0.764     3.464E-09 3.190E-18 5.237E+04 1.058E-09 2.097E-31 1.628E-07 2.206E-07
0  385 0.683     2.984E-09 6.188E-19 3.637E+04 5.338E-10 9.438E-31 3.533E-07 4.584E-07
0  386 0.624     3.200E-09 3.769E-18 1.264E+04 2.326E-10 4.147E-31 3.232E-07 1.634E-07
0  387 0.777     2.340E-09 2.683E-18 5.591E+03 5.540E-10 2.001E-31 1.959E-07 1.791E-06
0  388 0.681     3.727E-09 4.249E-19 1.737E+04 6.310E-10 5.019E-31 3.952E-07 1.517E-07
0  389 0.732     3.113E-09 1.186E-18 5.312E+04 3.340E-10 1.257E-30 4.012E-07 2.020E-07
0  390 0.805     2.102E-09 2.537E-18 4.479E+04 7.285E-10 1.076E-30 9.404E-07 4.362E-07
0  391 0.713     2.579E-09 3.642E-18 2.159E+04 1.013E-09 1.345E-30 2.168E-07 2.099E-06
0  392 0.765     2.558E-09 1.349E-18 4.274E+03 1.258E-09 2.875E-31 1.197E-07 6.933E-07
0  393 0.721     2.307E-09 6.838E-19 3.589E+04 3.017E-09 6.707E-31 1.616E-07 2.806E-07
0  394 0.772     2.390E-09 8.927E-19 1.261E+05 8.278E-10 3.993E-31 1.793E-07 3.330E-07
0  395 0.662     3.351E-09 7.784E-19 2.977E+04 8.707E-10 3.773E-31 1.974E-07 2.815E-07
0  396 0.723     2.799E-09 2.657E-18 1.913E+04 1.053E-09 1.895E-31 1.830E-07 6.757E-07
0  397 0.519     3.031E-09 3.034E-18 2.660E+04 4.911E-10 1.917E-31 2.122E-07 1.330E-06
0  398 0.620     3.067E-09 6.119E-18 3.526E+04 1.243E-10 6.899E-31 2.141E-07 4.455E-07
0  399 0.783     4.831E-09 2.774E-18 9.108E+04 4.798E-10 4.164E-31 3.265E-07 1.590E-06
0  400 0.784     2.022E-09 1.111E-18 4.296E+04 1.875E-10 1.264E-30 1.853E-08 2.512E-07
1Pecos::LHSDriver                                                                                                             
0RANKS OF LATIN HYPERCUBE SAMPLE INPUT VECTORS

 RUN NO.    X(1)      X(2)      X(3)      X(4)      X(5)      X(6)      X(7)      X(8)
0    1       80.      266.      365.       29.      386.      216.      108.      266.
0    2      185.      292.      226.       36.      101.      210.      163.      325.
0    3      333.      318.      125.      166.       20.      117.      303.      397.
0    4      146.      284.      175.       21.       17.      377.      131.      299.
0    5      194.       97.      311.      119.      259.       63.      290.      172.
0    6      397.      113.      114.       27.      158.      130.       24.      252.
0    7       87.       13.      216.      217.      341.      138.      114.      303.
0    8      305.      274.      252.      336.      160.      385.      380.        1.
0    9      309.      179.      156.      326.      132.      218.      231.      103.
0   10      311.       93.      132.      162.       82.      262.      162.      197.
0   11      252.        5.      308.      400.      251.      110.      347.      320.
0   12      372.      239.      277.      107.      146.      198.      357.      283.
0   13      286.      265.      350.      312.      190.      202.       63.       11.
0   14      258.      224.      234.      135.       81.      355.       66.      382.
0   15       36.      359.      250.       19.      155.      162.      141.      132.
0   16      386.      203.      309.       18.      170.      194.      353.       70.
0   17      243.      232.       18.      125.       65.       35.        7.       73.
0   18      356.      275.       31.      360.      222.      171.       19.      223.
0   19      165.      277.      330.      304.      174.      334.      138.      293.
0   20      366.       48.      278.      104.      245.      149.      382.      221.
0   21      113.      314.      148.      292.      191.      293.      300.       16.
0   22      202.      154.      370.      382.      379.       81.       67.       79.
0   23      387.       43.      240.       28.      246.      365.      136.      264.
0   24      327.       61.      386.       39.      388.      121.       77.      217.
0   25      121.       99.      207.       67.      362.       25.       35.      206.
0   26      344.      146.      307.      310.      369.      102.        9.      180.
0   27      272.      217.      111.      347.      351.       90.      398.       85.
0   28      103.      278.      368.      359.      256.       71.      158.      150.
0   29      334.       12.      146.      143.       47.      359.      270.      378.
0   30      156.      293.       98.      276.      104.      344.      169.      229.
0   31      229.      342.      372.      184.        5.       68.      351.      316.
0   32       32.       38.      267.      321.       78.      315.      311.      367.
0   33      385.       85.      222.       54.      372.      269.       33.      239.
0   34      382.      355.      391.       56.      263.      383.       98.      122.
0   35       69.       56.      344.      313.       19.      247.       13.      231.
0   36      332.      376.      262.      238.       57.      213.      115.      190.
0   37      313.      400.      302.      172.      370.       21.      127.      327.
0   38       21.      247.      228.       33.      140.      272.       85.      296.
0   39       72.      321.      263.      126.       72.      207.       47.      260.
0   40      321.       15.      178.       45.      364.      267.      253.        2.
0   41      328.      397.       76.       57.      334.       45.       12.       81.
0   42       60.       96.      126.      287.      128.      361.      145.      341.
0   43       26.       98.      300.      298.      366.      180.      222.      346.
0   44      214.      173.      142.      367.      354.      211.      196.      182.
0   45      381.      286.      189.      378.        3.       76.      323.      155.
0   46      345.       18.      152.      233.      171.      306.      175.      130.
0   47      112.      189.      167.       14.      115.      119.      363.      375.
0   48       33.      358.       46.      307.      242.      380.      283.      224.
0   49      262.      375.      315.      273.       62.       73.      160.      339.
0   50       51.      118.      380.      344.      390.      341.      377.      270.
0   51      176.      161.       70.       75.       76.       11.       69.       20.
0   52      130.       92.      121.      274.      186.      285.      189.      185.
0   53      293.      130.       75.      192.      344.      294.       84.      349.
0   54      148.      139.      336.      154.      203.        9.      383.      365.
0   55      151.      350.      251.      314.      261.      346.      166.       67.
0   56      205.      220.       64.      288.      211.      289.      386.      108.
0   57      320.       54.        6.      210.      224.      345.       97.       95.
0   58      364.      212.       20.       63.      138.      273.      204.      373.
0   59      186.      289.      306.      122.      311.      234.      395.      398.
0   60      208.       88.      345.      118.      299.        2.      359.      304.
0   61       20.       86.      247.      219.       48.      301.       50.      228.
0   62      137.      329.      317.      169.      321.      268.       39.      321.
0   63        2.      386.      219.      357.      119.      367.      227.      209.
0   64      236.       84.      382.       41.       58.      181.      374.       13.
0   65       62.       42.      198.      261.       92.      384.      360.      205.
0   66       47.      327.       69.      315.      322.      212.       65.      288.
0   67       14.      340.      170.      258.       68.      235.      278.      107.
0   68       93.      160.      184.      191.      285.      107.      273.       74.
0   69      285.       17.      294.       59.      111.      392.      203.      371.
0   70      162.      252.      305.      138.      389.       78.      345.      248.
0   71       78.      193.      286.      100.      356.      299.      219.      157.
0   72       97.      249.       74.      390.       63.      134.      180.      354.
0   73      358.      356.       91.       76.      363.       92.      218.      181.
0   74       76.      253.      199.      397.      353.      205.       54.       77.
0   75      161.      104.      366.       61.      114.       44.       71.      160.
0   76       74.       74.      396.      301.       93.      242.      241.      338.
0   77       90.      378.      147.      394.      399.       57.       61.      251.
0   78      371.       24.      229.      392.       41.      254.      274.      300.
0   79      337.      285.      128.      374.       13.        3.      315.       88.
0   80      379.       41.       15.      247.       61.      381.      170.      187.
0   81       65.      322.      384.      151.      294.      300.      193.      211.
0   82      376.      199.       25.      267.      236.       88.      385.       68.
0   83      128.      182.      143.       38.      314.      276.      100.      385.
0   84      399.       57.       67.       10.      332.       23.      343.      195.
0   85      109.      296.       66.      335.      194.      332.       68.      143.
0   86       61.      365.      245.       50.      268.       16.      348.      273.
0   87      329.      353.      211.      351.       55.      113.      246.      379.
0   88       35.       47.       10.       68.       33.      282.      183.      247.
0   89       16.      317.       23.      165.       43.      201.      245.       57.
0   90      380.      339.       94.      206.      345.      150.       15.      196.
0   91      310.      373.       38.      319.      163.      248.       22.      358.
0   92      256.      107.      284.       71.      392.       33.      258.       12.
0   93      193.      175.      196.       52.      271.      246.      321.      344.
0   94      338.      111.      176.      177.      193.      158.      289.      400.
0   95      277.      129.        1.      340.      343.      109.      342.      210.
0   96      393.      141.      149.      339.       83.      139.        6.      256.
0   97       88.       16.      316.      101.      106.      230.       89.       87.
0   98      248.      222.      301.      223.      102.      357.       72.       55.
0   99       66.      123.       13.      356.      394.      364.      205.      137.
0  100      189.      261.      271.       35.      258.      200.      282.       46.
0  101      178.      257.      290.      226.      169.      116.      276.      319.
0  102      212.      132.       86.      176.      290.      240.      221.      376.
0  103      140.      157.       51.      264.       15.      193.      307.      282.
0  104      188.       82.      134.       94.      252.      133.      267.      372.
0  105        4.      120.      200.      303.        6.      123.      306.      146.
0  106      316.      219.      161.      106.      110.      275.      238.       90.
0  107      300.       11.      166.      311.      149.       99.      269.       50.
0  108      284.      200.       21.       64.       52.      371.      381.        4.
0  109      297.      122.       62.      341.      266.      309.      202.      350.
0  110       25.      323.      124.      278.      327.       18.      260.      334.
0  111      139.      201.      215.      375.      347.      101.       55.       47.
0  112      158.      268.      225.       87.      105.      190.      223.      129.
0  113      315.      298.      387.       98.      187.      379.      268.        6.
0  114      201.       10.      296.      350.      209.      191.      330.      227.
0  115      336.      147.      400.      193.      264.      167.      292.      220.
0  116       19.      320.       42.      358.      156.      395.      339.      154.
0  117      135.        8.      191.      282.      330.      142.      341.       53.
0  118      363.      131.      383.      157.       49.      170.      262.      131.
0  119      150.       53.       78.      254.      257.      209.      285.      152.
0  120      307.      332.      281.      117.      125.      291.      350.      178.
0  121      395.      259.       47.      253.      348.      279.      121.      279.
0  122      280.      235.      213.      323.      226.      400.       56.      261.
0  123        3.       44.      355.      163.       86.      260.      294.      118.
0  124      355.      162.      174.      259.      289.      192.       48.      361.
0  125      244.      372.      299.      384.      116.      368.      133.      140.
0  126      396.       31.       80.       62.        7.      195.      128.      313.
0  127       89.      299.      298.      354.      112.       52.      142.      328.
0  128      210.      163.      123.      207.      365.      386.       96.      278.
0  129      179.      233.      378.      290.      232.      304.       64.      214.
0  130      331.      121.      168.      229.      172.       83.      207.        7.
0  131      283.      319.      188.      144.      324.      127.      116.      233.
0  132       42.      151.       82.       88.      164.      219.      210.      147.
0  133      222.      237.      131.      284.      349.      250.      305.      194.
0  134      181.      133.       87.      379.       30.      259.      352.       29.
0  135      390.      384.      154.      171.      287.      243.       29.      102.
0  136      263.      255.      312.       78.      360.       69.       62.      112.
0  137       22.       20.      112.       44.      214.      189.      355.      271.
0  138      134.       33.       79.      148.       77.      310.       38.      255.
0  139      365.      311.      165.      141.      139.      137.      320.      369.
0  140       28.        2.      137.      140.      272.      155.      251.       45.
0  141      375.       66.      377.      395.      253.       87.      257.      306.
0  142        6.      223.      177.      348.      223.      100.      331.      219.
0  143       83.      226.      361.      225.      391.      302.      211.       41.
0  144      199.       90.      279.       46.       45.      343.      322.       99.
0  145      220.      221.      356.       66.      127.      168.       14.       63.
0  146       64.      244.      139.      293.       51.       24.      302.      237.
0  147      274.      337.      181.       42.      126.      329.      329.      294.
0  148      233.      150.       54.      150.       99.       13.      143.      240.
0  149      104.      262.      150.      337.      293.      114.      233.      216.
0  150      294.      354.      269.       25.      167.      106.       43.      290.
0  151      370.      168.      163.      302.      249.      283.      344.      159.
0  152      253.      127.      276.      398.      270.      387.       37.      295.
0  153       27.      309.       35.      269.      278.       58.       80.      253.
0  154      303.       28.      224.       31.      196.      322.      358.      362.
0  155      281.      348.       53.      105.       23.      166.      120.      383.
0  156      171.       35.      303.        7.       32.      307.      192.      298.
0  157      361.      306.      349.      197.       95.      280.      140.      230.
0  158      190.       77.      208.      279.      247.      338.      375.      308.
0  159      388.       78.      375.      185.       66.       43.       45.      121.
0  160      226.       14.      151.      236.      117.      132.      334.      213.
0  161      223.       25.      272.      139.      267.      372.      134.       27.
0  162       50.        6.       63.       81.      304.      265.       30.       31.
0  163      106.      336.      135.      158.      306.       64.       18.      208.
0  164       94.      308.      339.      257.      361.       27.      368.      186.
0  165      207.      242.      273.      161.       54.      320.       28.      370.
0  166      319.      290.       14.      121.       94.       70.       40.       39.
0  167      110.      349.      255.      393.       70.      290.      155.      111.
0  168      268.      301.      203.       82.      276.       96.      364.      174.
0  169      213.      177.      293.      128.      352.      163.      174.      329.
0  170      367.      187.      190.       86.       34.      319.      371.      110.
0  171      187.      388.      162.      333.      207.      178.      199.      352.
0  172      250.       50.       72.      246.       14.      224.      126.      101.
0  173      196.      287.      197.      116.      238.       15.      230.       86.
0  174       24.        1.      389.      355.      337.       89.      338.      317.
0  175      249.      202.       68.      200.      133.      233.      316.      343.
0  176       68.       62.      320.      228.      297.      208.       51.      257.
0  177      152.      324.      268.      212.      313.      399.      182.      340.
0  178      304.      377.       92.      215.       40.       61.      151.      289.
0  179      172.      338.       40.      294.      359.      226.      104.      125.
0  180        8.      347.      341.      103.      355.       80.      176.      192.
0  181      270.       94.      233.      203.      378.       26.      186.       33.
0  182       79.      387.       43.        9.      279.      358.      393.       83.
0  183      155.      126.      141.      391.      215.        7.       25.       14.
0  184      359.      136.      103.       97.      184.      197.      336.      169.
0  185       82.      371.      102.       70.       67.      284.      159.        9.
0  186      211.      218.       49.      252.      220.      256.      376.      203.
0  187       85.      297.      288.      389.      201.      159.      392.       96.
0  188      251.      238.       36.      381.       36.      221.      125.      225.
0  189      392.      335.      342.      127.      109.      140.       92.      291.
0  190       45.       59.      220.      242.      166.      187.       36.      176.
0  191      301.      158.       37.      320.      151.       34.      313.      258.
0  192      221.      362.      295.      361.      225.       31.      153.      250.
0  193      160.      307.      173.       89.      241.      333.       91.      318.
0  194      343.      366.      185.      156.      162.      352.      255.      188.
0  195      204.       46.       24.      224.      350.       55.      277.      201.
0  196       92.       63.       27.       99.       91.      204.      275.      396.
0  197      254.      100.      334.      110.      179.      324.      217.      243.
0  198      120.      276.      236.      194.       50.       98.      248.      109.
0  199       48.      190.      119.       83.      315.      270.       59.      171.
0  200       49.       89.      292.      183.       84.       14.      213.      245.
0  201       34.      269.       93.       49.      318.      174.      105.      357.
0  202       15.      256.      256.      222.      269.      318.      226.      199.
0  203       43.      351.      322.      180.      137.       37.      389.        5.
0  204       30.       32.      230.      168.      130.      366.      310.       35.
0  205      203.      295.      351.      174.      255.      369.      312.      330.
0  206      247.      383.      160.       13.      152.        5.      286.      144.
0  207      215.        9.      212.      111.      135.      220.       81.      335.
0  208       10.      174.       45.      368.      165.      356.      191.      161.
0  209       86.      181.        5.      173.      243.       62.      379.       65.
0  210       52.      172.      120.      248.       31.      305.      236.       94.
0  211      206.      117.       58.      146.      296.      327.      167.       62.
0  212      264.       81.      153.      221.      177.       50.      237.      333.
0  213      377.      164.      238.      230.      148.       20.       74.      156.
0  214       41.      109.      310.      329.      284.      286.      187.      272.
0  215      224.      394.      164.      130.      118.       97.      397.       28.
0  216      384.      180.       17.      133.      260.      145.      259.      332.
0  217      118.      206.      314.      208.       46.      115.        2.       43.
0  218      123.      357.      227.      372.      129.      186.      384.       21.
0  219      324.      260.      179.      198.       64.      112.      117.       89.
0  220      360.      363.      397.      149.      384.      223.       88.      100.
0  221       17.       19.       85.       84.      113.      287.      118.      322.
0  222      290.      393.        8.      318.      197.      264.      173.      394.
0  223      389.      282.      265.      132.      120.      288.        4.      139.
0  224      352.      194.      127.      189.       11.      143.       46.       69.
0  225      173.      254.      280.      370.       24.      215.      206.       84.
0  226       55.      191.      159.       32.       39.      129.       44.       51.
0  227      296.      211.      352.       92.       28.      238.      370.       36.
0  228      314.      333.      180.      332.      168.        8.      272.      392.
0  229      317.       64.      187.      366.      180.      391.      112.       32.
0  230      362.       79.      363.      256.      144.      313.       20.      276.
0  231      129.      379.      274.      241.      240.       17.      243.      226.
0  232      231.      251.      243.      137.      250.      374.      340.       44.
0  233      265.      315.      110.      373.      147.       47.      249.      145.
0  234      391.      205.      325.      342.       75.      274.      261.      136.
0  235      298.       40.      138.      231.       56.      183.      154.      215.
0  236       91.      279.       12.      286.      204.       36.      349.      311.
0  237       96.      137.       97.      265.      371.      295.      144.      384.
0  238      218.      381.      205.      209.      178.      225.      387.      297.
0  239      131.      264.      106.      220.       16.      182.      225.      207.
0  240      191.      310.      221.      136.      383.      394.      354.      193.
0  241      255.      391.      218.       93.       71.      376.      318.      191.
0  242      143.      101.      261.      399.      357.      176.      119.      287.
0  243      225.      204.      100.      305.      237.      252.       82.       82.
0  244       70.      234.      140.      270.       22.      157.       95.      286.
0  245      197.      178.      346.      338.        2.      135.      239.      218.
0  246      115.      288.      223.      214.       59.       72.      369.       76.
0  247      234.      328.      130.      147.       53.      206.      149.       49.
0  248      276.       21.      145.       11.      150.       29.      388.      391.
0  249      136.      367.      260.      316.      230.      370.       94.      204.
0  250       18.       52.       29.       15.      323.       74.       78.      162.
0  251       53.      312.       84.        5.      213.       79.       31.       54.
0  252      346.       70.      324.      114.      374.      125.      190.       34.
0  253      101.      374.      275.       69.      195.      251.      396.      387.
0  254       77.      272.      172.        2.       42.        6.       32.      135.
0  255      111.       55.      210.      164.        8.       65.      390.      345.
0  256      240.      390.      195.      386.      317.      153.      332.      198.
0  257      159.      398.      321.      324.      319.       53.      328.      342.
0  258      347.      395.      232.      109.      244.      277.      309.      189.
0  259       40.       91.      206.       60.      395.      104.       75.      222.
0  260       12.      115.      192.      345.       35.      331.        8.      336.
0  261      241.       45.      323.       65.      380.      348.      244.       23.
0  262      209.      331.      283.      285.       60.      146.      139.      164.
0  263      271.      186.      348.      353.      131.      389.      314.      312.
0  264       67.       34.      237.      202.       21.       59.      234.      277.
0  265      398.      103.      171.      227.       37.       91.       26.      326.
0  266      374.      195.       61.      178.      331.      108.       16.       40.
0  267      246.      225.        2.      145.      185.      177.      296.      380.
0  268      157.      214.      115.      251.      182.      339.       83.      175.
0  269      348.      165.      304.       40.      342.      185.      240.      274.
0  270      239.      368.      109.      213.      108.      342.      129.       52.
0  271       75.       23.      186.      196.      262.      172.       52.      123.
0  272       84.      341.      249.        8.      358.       66.       17.      281.
0  273      357.      114.      231.      201.      192.      148.      394.      241.
0  274      183.       26.       71.       17.      221.      241.      109.      348.
0  275      273.      370.      182.      330.      400.      165.      220.      389.
0  276      295.      389.      239.      365.      200.       12.       73.       98.
0  277      175.       58.      385.      281.      273.      124.       10.      142.
0  278      383.      345.       65.      376.      309.      390.      165.      364.
0  279      302.      135.      258.      352.      100.      131.      242.      128.
0  280       73.      316.       81.       72.      367.      328.      161.       42.
0  281      269.        7.      117.      362.       88.      156.      346.      285.
0  282      278.      128.      392.       47.      107.      249.      137.      309.
0  283      354.      184.      373.      195.      291.      237.      378.      393.
0  284       71.       80.      337.      377.      373.      229.       42.      114.
0  285      326.      176.      357.      113.      231.      375.       60.      133.
0  286      200.      210.      158.      159.      376.      271.      317.      234.
0  287      177.      380.      235.       20.      175.      245.      324.      232.
0  288      174.       51.      395.      153.      188.      362.      247.      310.
0  289      308.      343.      217.       24.      282.      154.      265.      254.
0  290      166.      280.       83.       16.      288.      266.      298.      314.
0  291       58.       76.      129.      369.       73.      312.       34.      106.
0  292      228.       49.      287.      155.      320.       56.      198.       60.
0  293        9.      140.      393.      235.       96.       82.       86.      377.
0  294      299.      209.      118.      300.      235.      222.      266.      238.
0  295      170.      142.      332.      327.      397.      326.      366.       10.
0  296      260.      364.       56.       12.      275.      325.      373.      184.
0  297      122.      294.      331.      131.      122.      214.      122.      302.
0  298      369.       71.       57.      283.      295.      228.       90.      356.
0  299      219.      192.      155.      142.      206.      347.      178.      395.
0  300      133.      302.      394.      170.      377.      323.      123.      249.
0  301      125.      169.      388.      167.      189.       54.      299.       19.
0  302      163.      112.        3.      289.        1.       30.       58.      105.
0  303      340.      361.       88.      205.      134.       85.      301.      148.
0  304      257.      119.       90.      232.      335.       39.      215.       78.
0  305      230.      231.      379.      364.      234.      373.      171.      165.
0  306      132.      148.      133.      129.      202.      340.      367.      351.
0  307      245.      313.      183.      190.      254.      382.      361.      124.
0  308      192.       95.       39.      271.       97.      203.      400.       56.
0  309       46.      396.      362.      181.       98.      126.       27.       37.
0  310      117.      273.      354.        1.       10.      281.      185.       66.
0  311      142.      230.       16.      186.      329.      144.      304.      363.
0  312      105.      241.      319.       58.        4.      244.      110.      104.
0  313       99.      243.       32.       55.      316.      388.      254.      242.
0  314      378.      330.      297.       22.      346.      231.      201.      158.
0  315      167.       69.      338.       80.      124.      396.      150.      202.
0  316       57.      105.      169.      245.      340.      316.      356.        8.
0  317      306.      170.      214.      328.       90.      363.       23.      212.
0  318      154.      166.      360.      108.      218.      292.      188.      166.
0  319       56.      125.      136.      160.      305.      173.      271.      141.
0  320      180.      291.      209.      299.      338.      350.      224.      359.
0  321      124.      171.       22.       91.      283.      236.      319.      259.
0  322      144.      207.      108.       23.      312.      217.      372.       24.
0  323      184.      149.      374.      239.       27.       77.       11.      301.
0  324      291.      110.      194.      266.      199.      397.      172.      153.
0  325      164.       73.      398.      115.      277.      257.       41.       18.
0  326      267.      215.        4.      250.      336.      120.      184.      246.
0  327      195.      143.       30.      243.      123.      111.      229.      275.
0  328       63.      385.       19.      179.       74.      128.      164.      324.
0  329      147.       87.       73.      263.      121.       94.      135.      117.
0  330      102.      258.      202.      182.      198.      297.      146.      149.
0  331      289.      188.      246.      275.      208.       49.      279.      269.
0  332      169.      240.      105.      244.      141.      337.        5.      292.
0  333      342.       22.      369.      380.      375.       67.      326.      399.
0  334      107.      300.      254.       30.       85.      196.      152.      170.
0  335      153.      360.      327.       77.      302.      239.      263.      265.
0  336      227.      138.      144.      343.      385.       28.      148.       22.
0  337      182.      245.      343.      249.      387.       19.      147.      115.
0  338      368.      134.      326.      260.      157.       84.      399.      268.
0  339        7.        3.      242.      297.      228.        1.      256.       61.
0  340      325.      236.      289.      349.      280.       60.      102.      284.
0  341      261.      196.      329.      346.      143.      227.      333.      305.
0  342        5.      382.      340.        4.      173.      296.      111.      151.
0  343      138.      185.      264.       26.      161.      308.       99.      167.
0  344       13.      267.       77.      216.      301.      378.       70.      331.
0  345      119.      352.      285.      102.       18.      184.      291.       15.
0  346      198.        4.      381.       37.      142.        4.       87.      236.
0  347      288.      167.       55.       90.      382.      321.       93.      116.
0  348      318.      155.      353.       34.       87.      151.       57.      200.
0  349       37.      144.        7.      120.      368.      164.      124.      390.
0  350      279.      283.      328.       74.      328.      351.      335.       26.
0  351      287.      156.       52.      187.      217.      255.      252.       59.
0  352       95.      246.      333.      211.       38.       86.      209.      163.
0  353       81.      159.      359.      277.      136.      261.      365.      127.
0  354      108.      271.      201.      334.      281.      147.      107.      179.
0  355      339.      304.      358.      296.      103.      278.      250.      138.
0  356      400.      108.      116.      387.      227.      136.      264.        3.
0  357       23.       68.       50.       43.      292.       40.      130.      126.
0  358       98.       30.      270.       79.      216.      122.      362.      280.
0  359      312.      326.       11.       73.      339.      349.       21.      119.
0  360      242.      198.      347.      385.       25.       38.      281.       93.
0  361       59.       67.      101.       48.      233.       48.        3.      366.
0  362      149.      116.       41.      124.      326.      303.      235.      134.
0  363      217.      369.      376.      308.      205.      253.      103.       97.
0  364      275.       39.       34.       85.      181.      103.      284.       72.
0  365      266.      145.       60.      268.      396.      336.       79.       80.
0  366      292.      263.       28.       95.       12.      311.       76.       71.
0  367      126.      270.      157.      331.      229.       10.      228.      337.
0  368      127.      213.      107.      291.      298.      398.      232.      355.
0  369      330.      229.      399.       51.      303.      330.      280.      347.
0  370      350.      124.      364.      396.       79.      169.      208.      235.
0  371      353.      344.      335.      295.       80.      175.      287.      315.
0  372      168.      250.       48.      152.      219.       22.      297.      113.
0  373       29.      183.      104.      218.      286.      393.      288.       17.
0  374      282.       37.      244.      262.      153.      298.      179.      244.
0  375       54.      152.      253.      322.      398.       32.      200.      168.
0  376       11.      334.       95.      255.      145.      188.      132.      386.
0  377       31.       27.      193.      325.       29.      105.      168.      307.
0  378       38.      305.      241.      383.      248.      179.       53.      353.
0  379      232.      228.      204.      204.      325.      118.      113.      368.
0  380      237.      325.      113.      363.      310.       75.       49.       38.
0  381      116.       83.      367.      317.      212.      232.      106.      263.
0  382      394.       75.       96.      123.      381.       95.      337.       64.
0  383      114.      392.      390.      188.       69.      314.      194.      323.
0  384      322.      303.      291.      306.      308.       51.      157.       58.
0  385      145.      197.       26.      240.      176.      317.      308.      183.
0  386       44.      248.      318.       53.       44.      160.      293.       30.
0  387      341.       65.      259.        6.      183.       46.      195.      381.
0  388      141.      346.        9.       96.      210.      199.      325.       25.
0  389      259.      227.       99.      309.       89.      353.      327.       48.
0  390      373.       36.      248.      280.      239.      335.      391.      173.
0  391      216.      106.      313.      134.      300.      360.      216.      388.
0  392      323.      102.      122.        3.      333.       93.      101.      267.
0  393      235.       60.       33.      237.      393.      258.      156.       91.
0  394      335.       72.       59.      388.      265.      152.      177.      120.
0  395      100.      281.       44.      199.      274.      141.      197.       92.
0  396      238.      153.      257.      112.      307.       41.      181.      262.
0  397        1.      208.      282.      175.      159.       42.      212.      360.
0  398       39.      216.      371.      234.        9.      263.      214.      177.
0  399      349.      399.      266.      371.      154.      161.      295.      374.
0  400      351.       29.       89.      272.       26.      354.        1.       75.
1   Pecos::LHSDriver                                                                                                             
0  HISTOGRAM FOR VARIABLE NO.  1     NORMAL DISTRIBUTION

     Midpoint          Freq.

   5.2249999E-01         2    XX
   5.4149999E-01         2    XX
   5.6049999E-01         4    XXXX
   5.7949999E-01         8    XXXXXXXX
   5.9849999E-01        11    XXXXXXXXXXX
   6.1749999E-01        19    XXXXXXXXXXXXXXXXXXX
   6.3649999E-01        26    XXXXXXXXXXXXXXXXXXXXXXXXXX
   6.5549999E-01        34    XXXXXXXXXXXXXXXXXXXXXXXXXXXXXXXXXX
   6.7449998E-01        40    XXXXXXXXXXXXXXXXXXXXXXXXXXXXXXXXXXXXXXXX
   6.9349998E-01        44    XXXXXXXXXXXXXXXXXXXXXXXXXXXXXXXXXXXXXXXXXXXX
   7.1249998E-01        46    XXXXXXXXXXXXXXXXXXXXXXXXXXXXXXXXXXXXXXXXXXXXXX
   7.3149998E-01        42    XXXXXXXXXXXXXXXXXXXXXXXXXXXXXXXXXXXXXXXXXX
   7.5049998E-01        37    XXXXXXXXXXXXXXXXXXXXXXXXXXXXXXXXXXXXX
   7.6949998E-01        29    XXXXXXXXXXXXXXXXXXXXXXXXXXXXX
   7.8849998E-01        22    XXXXXXXXXXXXXXXXXXXXXX
   8.0749998E-01        14    XXXXXXXXXXXXXX
   8.2649998E-01        10    XXXXXXXXXX
   8.4549998E-01         5    XXXXX
   8.6449998E-01         3    XXX
   8.8349998E-01         1    X
   9.0249998E-01         1    X
0                      400


      Min            Max           Range           Mean          Median        Variance

   5.1887887E-01  8.9544619E-01  3.7656732E-01  7.0699633E-01  7.0690593E-01  4.4058097E-03

1   Pecos::LHSDriver                                                                                                             
0  HISTOGRAM FOR VARIABLE NO.  2     NORMAL DISTRIBUTION

     Midpoint          Freq.

   1.0450000E-09         1    X
   1.2350000E-09         1    X
   1.4250000E-09         3    XXX
   1.6150000E-09         5    XXXXX
   1.8050000E-09         9    XXXXXXXXX
   1.9950000E-09        15    XXXXXXXXXXXXXXX
   2.1850000E-09        22    XXXXXXXXXXXXXXXXXXXXXX
   2.3749999E-09        29    XXXXXXXXXXXXXXXXXXXXXXXXXXXXX
   2.5649999E-09        37    XXXXXXXXXXXXXXXXXXXXXXXXXXXXXXXXXXXXX
   2.7549999E-09        42    XXXXXXXXXXXXXXXXXXXXXXXXXXXXXXXXXXXXXXXXXX
   2.9449999E-09        46    XXXXXXXXXXXXXXXXXXXXXXXXXXXXXXXXXXXXXXXXXXXXXX
   3.1349999E-09        44    XXXXXXXXXXXXXXXXXXXXXXXXXXXXXXXXXXXXXXXXXXXX
   3.3249999E-09        40    XXXXXXXXXXXXXXXXXXXXXXXXXXXXXXXXXXXXXXXX
   3.5149999E-09        34    XXXXXXXXXXXXXXXXXXXXXXXXXXXXXXXXXX
   3.7049999E-09        27    XXXXXXXXXXXXXXXXXXXXXXXXXXX
   3.8949999E-09        18    XXXXXXXXXXXXXXXXXX
   4.0849999E-09        12    XXXXXXXXXXXX
   4.2749999E-09         7    XXXXXXX
   4.4649999E-09         4    XXXX
   4.6549999E-09         2    XX
   4.8449999E-09         2    XX
0                      400


      Min            Max           Range           Mean          Median        Variance

   1.0048658E-09  4.8752074E-09  3.8703415E-09  2.9999784E-09  3.0007463E-09  4.4119516E-19

1   Pecos::LHSDriver                                                                                                             
0  HISTOGRAM FOR VARIABLE NO.  3     LOGNORMAL-N DISTRIBUTION

     Midpoint          Freq.

   5.4999999E-19        87    XXXXXXXXXXXXXXXXXXXXXXXXXXXXXXXXXXXXXXXXXXXXXXXXXXXXXXXXXXXXXXXXXXXXXXXXXXXXXXXXXXXXXXX
   1.6500000E-18       132    XXXXXXXXXXXXXXXXXXXXXXXXXXXXXXXXXXXXXXXXXXXXXXXXXXXXXXXXXXXXXXXXXXXXXXXXXXXXXXXXXXXXXXXXXX
   2.7499999E-18        77    XXXXXXXXXXXXXXXXXXXXXXXXXXXXXXXXXXXXXXXXXXXXXXXXXXXXXXXXXXXXXXXXXXXXXXXXXXXXX
   3.8499999E-18        43    XXXXXXXXXXXXXXXXXXXXXXXXXXXXXXXXXXXXXXXXXXX
   4.9499999E-18        23    XXXXXXXXXXXXXXXXXXXXXXX
   6.0499999E-18        14    XXXXXXXXXXXXXX
   7.1499998E-18         8    XXXXXXXX
   8.2499998E-18         5    XXXXX
   9.3499998E-18         3    XXX
   1.0450000E-17         3    XXX
   1.1550000E-17         1    X
   1.2650000E-17         1    X
   1.3750000E-17         1    X
   1.4850000E-17         0
   1.5950000E-17         1    X
   1.7050000E-17         0
   1.8150000E-17         0
   1.9250000E-17         0
   2.0350000E-17         0
   2.1450000E-17         1    X
0                      400


      Min            Max           Range           Mean          Median        Variance

   2.1804484E-19  2.1706776E-17  2.1488731E-17  2.7009211E-18  2.0090503E-18  5.7972570E-36

1   Pecos::LHSDriver                                                                                                             
0  HISTOGRAM FOR VARIABLE NO.  4     LOGNORMAL-N DISTRIBUTION

     Midpoint          Freq.

   6.4999999E+03        55    XXXXXXXXXXXXXXXXXXXXXXXXXXXXXXXXXXXXXXXXXXXXXXXXXXXXXXX
   1.9500000E+04       115    XXXXXXXXXXXXXXXXXXXXXXXXXXXXXXXXXXXXXXXXXXXXXXXXXXXXXXXXXXXXXXXXXXXXXXXXXXXXXXXXXXXXXXXXXX
   3.2499999E+04        83    XXXXXXXXXXXXXXXXXXXXXXXXXXXXXXXXXXXXXXXXXXXXXXXXXXXXXXXXXXXXXXXXXXXXXXXXXXXXXXXXXXX
   4.5499999E+04        52    XXXXXXXXXXXXXXXXXXXXXXXXXXXXXXXXXXXXXXXXXXXXXXXXXXXX
   5.8499999E+04        32    XXXXXXXXXXXXXXXXXXXXXXXXXXXXXXXX
   7.1499998E+04        20    XXXXXXXXXXXXXXXXXXXX
   8.4499998E+04        13    XXXXXXXXXXXXX
   9.7499998E+04         9    XXXXXXXXX
   1.1050000E+05         6    XXXXXX
   1.2350000E+05         4    XXXX
   1.3650000E+05         2    XX
   1.4950000E+05         3    XXX
   1.6250000E+05         1    X
   1.7550000E+05         2    XX
   1.8850000E+05         0
   2.0150000E+05         1    X
   2.1450000E+05         0
   2.2749999E+05         1    X
   2.4049999E+05         0
   2.5349999E+05         0
   2.6649999E+05         1    X
0                      400


      Min            Max           Range           Mean          Median        Variance

   2.2645439E+03  2.6722207E+05  2.6495752E+05  4.0144549E+04  3.0033947E+04  1.1832223E+09

1   Pecos::LHSDriver                                                                                                             
0  HISTOGRAM FOR VARIABLE NO.  5     LOGNORMAL-N DISTRIBUTION

     Midpoint          Freq.

   2.0500000E-10       123    XXXXXXXXXXXXXXXXXXXXXXXXXXXXXXXXXXXXXXXXXXXXXXXXXXXXXXXXXXXXXXXXXXXXXXXXXXXXXXXXXXXXXXXXXX
   6.1499999E-10       140    XXXXXXXXXXXXXXXXXXXXXXXXXXXXXXXXXXXXXXXXXXXXXXXXXXXXXXXXXXXXXXXXXXXXXXXXXXXXXXXXXXXXXXXXXX
   1.0250000E-09        66    XXXXXXXXXXXXXXXXXXXXXXXXXXXXXXXXXXXXXXXXXXXXXXXXXXXXXXXXXXXXXXXXXX
   1.4350000E-09        32    XXXXXXXXXXXXXXXXXXXXXXXXXXXXXXXX
   1.8450000E-09        16    XXXXXXXXXXXXXXXX
   2.2549999E-09        10    XXXXXXXXXX
   2.6649999E-09         4    XXXX
   3.0749999E-09         3    XXX
   3.4849999E-09         2    XX
   3.8949999E-09         1    X
   4.3049999E-09         2    XX
   4.7149999E-09         0
   5.1249999E-09         0
   5.5349999E-09         0
   5.9449999E-09         0
   6.3549999E-09         0
   6.7649998E-09         0
   7.1749998E-09         0
   7.5849998E-09         0
   7.9949998E-09         0
   8.4049998E-09         1    X
0                      400


      Min            Max           Range           Mean          Median        Variance

   5.8583535E-11  8.3410224E-09  8.2824389E-09  8.1402962E-10  6.0278308E-10  5.7350176E-19

1   Pecos::LHSDriver                                                                                                             
0  HISTOGRAM FOR VARIABLE NO.  6     LOGNORMAL-N DISTRIBUTION

     Midpoint          Freq.

   1.3500000E-31        83    XXXXXXXXXXXXXXXXXXXXXXXXXXXXXXXXXXXXXXXXXXXXXXXXXXXXXXXXXXXXXXXXXXXXXXXXXXXXXXXXXXX
   4.0499999E-31       130    XXXXXXXXXXXXXXXXXXXXXXXXXXXXXXXXXXXXXXXXXXXXXXXXXXXXXXXXXXXXXXXXXXXXXXXXXXXXXXXXXXXXXXXXXX
   6.7499998E-31        79    XXXXXXXXXXXXXXXXXXXXXXXXXXXXXXXXXXXXXXXXXXXXXXXXXXXXXXXXXXXXXXXXXXXXXXXXXXXXXXX
   9.4499998E-31        43    XXXXXXXXXXXXXXXXXXXXXXXXXXXXXXXXXXXXXXXXXXX
   1.2150000E-30        25    XXXXXXXXXXXXXXXXXXXXXXXXX
   1.4850000E-30        14    XXXXXXXXXXXXXX
   1.7550000E-30         8    XXXXXXXX
   2.0250000E-30         6    XXXXXX
   2.2949999E-30         3    XXX
   2.5649999E-30         3    XXX
   2.8349999E-30         2    XX
   3.1049999E-30         1    X
   3.3749999E-30         0
   3.6449999E-30         1    X
   3.9149999E-30         1    X
   4.1849999E-30         0
   4.4549999E-30         0
   4.7249999E-30         0
   4.9949999E-30         0
   5.2649999E-30         0
   5.5349999E-30         1    X
0                      400


      Min            Max           Range           Mean          Median        Variance

   4.3572082E-32  5.4879243E-30  5.4443522E-30  6.7933022E-31  5.0631695E-31  3.6369582E-61

1   Pecos::LHSDriver                                                                                                             
0  HISTOGRAM FOR VARIABLE NO.  7     LOGNORMAL-N DISTRIBUTION

     Midpoint          Freq.

   5.9999999E-08       101    XXXXXXXXXXXXXXXXXXXXXXXXXXXXXXXXXXXXXXXXXXXXXXXXXXXXXXXXXXXXXXXXXXXXXXXXXXXXXXXXXXXXXXXXXX
   1.8000000E-07       136    XXXXXXXXXXXXXXXXXXXXXXXXXXXXXXXXXXXXXXXXXXXXXXXXXXXXXXXXXXXXXXXXXXXXXXXXXXXXXXXXXXXXXXXXXX
   2.9999999E-07        73    XXXXXXXXXXXXXXXXXXXXXXXXXXXXXXXXXXXXXXXXXXXXXXXXXXXXXXXXXXXXXXXXXXXXXXXXX
   4.1999999E-07        38    XXXXXXXXXXXXXXXXXXXXXXXXXXXXXXXXXXXXXX
   5.3999999E-07        21    XXXXXXXXXXXXXXXXXXXXX
   6.5999999E-07        12    XXXXXXXXXXXX
   7.7999998E-07         6    XXXXXX
   8.9999998E-07         4    XXXX
   1.0200000E-06         3    XXX
   1.1400000E-06         2    XX
   1.2600000E-06         1    X
   1.3800000E-06         1    X
   1.5000000E-06         1    X
   1.6200000E-06         0
   1.7400000E-06         0
   1.8600000E-06         0
   1.9800000E-06         0
   2.1000000E-06         0
   2.2200000E-06         0
   2.3399999E-06         0
   2.4599999E-06         1    X
0                      400


      Min            Max           Range           Mean          Median        Variance

   1.8532397E-08  2.4027254E-06  2.3841930E-06  2.7054692E-07  2.0102745E-07  5.9231166E-14

1   Pecos::LHSDriver                                                                                                             
0  HISTOGRAM FOR VARIABLE NO.  8     LOGNORMAL-N DISTRIBUTION

     Midpoint          Freq.

   1.1000000E-07        57    XXXXXXXXXXXXXXXXXXXXXXXXXXXXXXXXXXXXXXXXXXXXXXXXXXXXXXXXX
   3.2999999E-07       116    XXXXXXXXXXXXXXXXXXXXXXXXXXXXXXXXXXXXXXXXXXXXXXXXXXXXXXXXXXXXXXXXXXXXXXXXXXXXXXXXXXXXXXXXXX
   5.4999999E-07        84    XXXXXXXXXXXXXXXXXXXXXXXXXXXXXXXXXXXXXXXXXXXXXXXXXXXXXXXXXXXXXXXXXXXXXXXXXXXXXXXXXXXX
   7.6999998E-07        50    XXXXXXXXXXXXXXXXXXXXXXXXXXXXXXXXXXXXXXXXXXXXXXXXXX
   9.8999998E-07        32    XXXXXXXXXXXXXXXXXXXXXXXXXXXXXXXX
   1.2100000E-06        20    XXXXXXXXXXXXXXXXXXXX
   1.4300000E-06        12    XXXXXXXXXXXX
   1.6500000E-06         9    XXXXXXXXX
   1.8700000E-06         5    XXXXX
   2.0900000E-06         4    XXXX
   2.3099999E-06         3    XXX
   2.5299999E-06         1    X
   2.7499999E-06         2    XX
   2.9699999E-06         2    XX
   3.1899999E-06         1    X
   3.4099999E-06         0
   3.6299999E-06         0
   3.8499999E-06         1    X
   4.0699999E-06         0
   4.2899999E-06         0
   4.5099999E-06         1    X
0                      400


      Min            Max           Range           Mean          Median        Variance

   2.9909597E-08  4.4469034E-06  4.4169938E-06  6.6807583E-07  5.0021494E-07  3.3114201E-13

1Pecos::LHSDriver                                                                                                             
0CORRELATIONS AMONG INPUT VARIABLES CREATED BY THE LATIN HYPERCUBE SAMPLE FOR RAW DATA                              PAGE   1
0    1  1.0000
0    2  0.0047  1.0000
0    3  0.0228 -0.0278  1.0000
0    4  0.0187 -0.0151 -0.0089  1.0000
0    5 -0.0113  0.0136  0.0277  0.0574  1.0000
0    6 -0.0083  0.0116 -0.0017 -0.0009 -0.0257  1.0000
0    7  0.0352  0.0026 -0.0346 -0.0180 -0.0511 -0.0332  1.0000
0    8  0.0334 -0.0069 -0.0142 -0.0150  0.0232 -0.0138  0.0404  1.0000
0            1       2       3       4       5       6       7       8
0VARIABLES
0THE VARIANCE INFLATION FACTOR FOR THIS MATRIX IS  1.01
1Pecos::LHSDriver                                                                                                             
0CORRELATIONS AMONG INPUT VARIABLES CREATED BY THE LATIN HYPERCUBE SAMPLE FOR RANK DATA                              PAGE   1
0    1  1.0000
0    2 -0.0137  1.0000
0    3  0.0031  0.0094  1.0000
0    4 -0.0037  0.0150 -0.0092  1.0000
0    5 -0.0085 -0.0095 -0.0263 -0.0193  1.0000
0    6 -0.0083 -0.0012 -0.0105 -0.0282 -0.0257  1.0000
0    7  0.0264 -0.0058  0.0072  0.0059 -0.0132 -0.0085  1.0000
0    8  0.0039 -0.0116  0.0218  0.0070  0.0036  0.0040  0.0031  1.0000
0            1       2       3       4       5       6       7       8
0VARIABLES
0THE VARIANCE INFLATION FACTOR FOR THIS MATRIX IS  1.00
